<?xml version="1.0" encoding="utf-8"?>
<TestRun id="56ae71dd-c2a7-4e31-a6d6-f5d63c338bec" name="@MacBook-Pro 2020-07-05 22:33:02" xmlns="http://microsoft.com/schemas/VisualStudio/TeamTest/2010">
  <Times creation="2020-07-05T22:33:02.0620010-04:00" queuing="2020-07-05T22:33:02.0620010-04:00" start="2020-07-05T22:32:59.1903620-04:00" finish="2020-07-05T22:33:02.0771860-04:00" />
  <TestSettings name="default" id="41a8b60c-ed95-4270-88c0-2883e7ab27e7">
    <Deployment runDeploymentRoot="_MacBook-Pro_2020-07-05_22_33_02" />
  </TestSettings>
  <Results>
    <UnitTestResult executionId="5e995bbe-7697-42ad-b658-cea4efd08887" testId="884537c5-2c29-8c67-bfb7-76682d141925" testName="MSR.Infrastructure.Tests.Resources.Services.AccountServiceTests.CallingLogin_WithSystemLoginCommand_HappyPath" computerName="MacBook-Pro" duration="00:00:00.2494572" startTime="2020-07-05T22:33:01.7568500-04:00" endTime="2020-07-05T22:33:01.7568510-04:00" testType="13cdc9d9-ddb5-4fa4-a97d-d965ccfc6d4b" outcome="Passed" testListId="8c84fa94-04c1-424b-9868-57a2d4851a1d" relativeResultsDirectory="5e995bbe-7697-42ad-b658-cea4efd08887" />
    <UnitTestResult executionId="d6d274be-e5bd-420a-b05c-ada0b016f1b6" testId="250657ca-8a3b-b40b-4c99-c072df0172d3" testName="MSR.Infrastructure.Tests.Resources.Services.RoleServiceTests.CallingCreateMenuRoleMapAsync_WithGoodData_HappyPath" computerName="MacBook-Pro" duration="00:00:00.1846871" startTime="2020-07-05T22:33:01.6955860-04:00" endTime="2020-07-05T22:33:01.6956440-04:00" testType="13cdc9d9-ddb5-4fa4-a97d-d965ccfc6d4b" outcome="Passed" testListId="8c84fa94-04c1-424b-9868-57a2d4851a1d" relativeResultsDirectory="d6d274be-e5bd-420a-b05c-ada0b016f1b6" />
    <UnitTestResult executionId="c3054c28-97dd-47f2-ae1a-0682c5b1df94" testId="eba60f4d-69ea-a0bd-bd72-1682f77d93c3" testName="MSR.Infrastructure.Tests.Resources.Services.AccountServiceTests.CallingLogin_WithFailureSystemLoginCommand_ThrowsDomainException" computerName="MacBook-Pro" duration="00:00:00.0011012" startTime="2020-07-05T22:33:01.7630830-04:00" endTime="2020-07-05T22:33:01.7630830-04:00" testType="13cdc9d9-ddb5-4fa4-a97d-d965ccfc6d4b" outcome="Passed" testListId="8c84fa94-04c1-424b-9868-57a2d4851a1d" relativeResultsDirectory="c3054c28-97dd-47f2-ae1a-0682c5b1df94" />
    <UnitTestResult executionId="517325b0-3f8c-424c-a6d5-097ad3e86aed" testId="51a98665-7403-6504-2439-5e5f0e57d8a5" testName="MSR.Infrastructure.Tests.Resources.Services.AccountServiceTests.CallingLogin_WithExceptionSystemLoginCommand_ThrowsArgumentException" computerName="MacBook-Pro" duration="00:00:00.0050403" startTime="2020-07-05T22:33:01.7619390-04:00" endTime="2020-07-05T22:33:01.7619390-04:00" testType="13cdc9d9-ddb5-4fa4-a97d-d965ccfc6d4b" outcome="Passed" testListId="8c84fa94-04c1-424b-9868-57a2d4851a1d" relativeResultsDirectory="517325b0-3f8c-424c-a6d5-097ad3e86aed" />
    <UnitTestResult executionId="284bf5da-1ee3-4b3d-982f-d400ac2d5727" testId="3eddbdee-e61a-e34a-0c3e-8a42bb5a1e19" testName="MSR.Infrastructure.Tests.Resources.Services.RoleServiceTests.CallingCreateMenuRoleMapAsync_WithExistingData_ReturnsExistingId" computerName="MacBook-Pro" duration="00:00:00.0010000" startTime="2020-07-05T22:33:01.7050330-04:00" endTime="2020-07-05T22:33:01.7050330-04:00" testType="13cdc9d9-ddb5-4fa4-a97d-d965ccfc6d4b" outcome="NotExecuted" testListId="8c84fa94-04c1-424b-9868-57a2d4851a1d" relativeResultsDirectory="284bf5da-1ee3-4b3d-982f-d400ac2d5727">
      <Output>
        <StdOut>Issues with FirstOrDefault</StdOut>
      </Output>
    </UnitTestResult>
  </Results>
  <TestDefinitions>
    <UnitTest name="MSR.Infrastructure.Tests.Resources.Services.RoleServiceTests.CallingCreateMenuRoleMapAsync_WithGoodData_HappyPath" storage="/users/tmillett/aydensoft/upwork-cmh/msrfsr/answer3.0/msr.infrastructure.tests/bin/debug/netcoreapp3.1/msr.infrastructure.tests.dll" id="250657ca-8a3b-b40b-4c99-c072df0172d3">
      <Execution id="d6d274be-e5bd-420a-b05c-ada0b016f1b6" />
      <TestMethod codeBase="/Users/tmillett/aydensoft/upwork-CMH/msrfsr/Answer3.0/MSR.Infrastructure.Tests/bin/Debug/netcoreapp3.1/MSR.Infrastructure.Tests.dll" adapterTypeName="executor://xunit/VsTestRunner2/netcoreapp" className="MSR.Infrastructure.Tests.Resources.Services.RoleServiceTests" name="CallingCreateMenuRoleMapAsync_WithGoodData_HappyPath" />
    </UnitTest>
    <UnitTest name="MSR.Infrastructure.Tests.Resources.Services.AccountServiceTests.CallingLogin_WithFailureSystemLoginCommand_ThrowsDomainException" storage="/users/tmillett/aydensoft/upwork-cmh/msrfsr/answer3.0/msr.infrastructure.tests/bin/debug/netcoreapp3.1/msr.infrastructure.tests.dll" id="eba60f4d-69ea-a0bd-bd72-1682f77d93c3">
      <Execution id="c3054c28-97dd-47f2-ae1a-0682c5b1df94" />
      <TestMethod codeBase="/Users/tmillett/aydensoft/upwork-CMH/msrfsr/Answer3.0/MSR.Infrastructure.Tests/bin/Debug/netcoreapp3.1/MSR.Infrastructure.Tests.dll" adapterTypeName="executor://xunit/VsTestRunner2/netcoreapp" className="MSR.Infrastructure.Tests.Resources.Services.AccountServiceTests" name="CallingLogin_WithFailureSystemLoginCommand_ThrowsDomainException" />
    </UnitTest>
    <UnitTest name="MSR.Infrastructure.Tests.Resources.Services.AccountServiceTests.CallingLogin_WithSystemLoginCommand_HappyPath" storage="/users/tmillett/aydensoft/upwork-cmh/msrfsr/answer3.0/msr.infrastructure.tests/bin/debug/netcoreapp3.1/msr.infrastructure.tests.dll" id="884537c5-2c29-8c67-bfb7-76682d141925">
      <Execution id="5e995bbe-7697-42ad-b658-cea4efd08887" />
      <TestMethod codeBase="/Users/tmillett/aydensoft/upwork-CMH/msrfsr/Answer3.0/MSR.Infrastructure.Tests/bin/Debug/netcoreapp3.1/MSR.Infrastructure.Tests.dll" adapterTypeName="executor://xunit/VsTestRunner2/netcoreapp" className="MSR.Infrastructure.Tests.Resources.Services.AccountServiceTests" name="CallingLogin_WithSystemLoginCommand_HappyPath" />
    </UnitTest>
    <UnitTest name="MSR.Infrastructure.Tests.Resources.Services.RoleServiceTests.CallingCreateMenuRoleMapAsync_WithExistingData_ReturnsExistingId" storage="/users/tmillett/aydensoft/upwork-cmh/msrfsr/answer3.0/msr.infrastructure.tests/bin/debug/netcoreapp3.1/msr.infrastructure.tests.dll" id="3eddbdee-e61a-e34a-0c3e-8a42bb5a1e19">
      <Execution id="284bf5da-1ee3-4b3d-982f-d400ac2d5727" />
      <TestMethod codeBase="/Users/tmillett/aydensoft/upwork-CMH/msrfsr/Answer3.0/MSR.Infrastructure.Tests/bin/Debug/netcoreapp3.1/MSR.Infrastructure.Tests.dll" adapterTypeName="executor://xunit/VsTestRunner2/netcoreapp" className="MSR.Infrastructure.Tests.Resources.Services.RoleServiceTests" name="CallingCreateMenuRoleMapAsync_WithExistingData_ReturnsExistingId" />
    </UnitTest>
    <UnitTest name="MSR.Infrastructure.Tests.Resources.Services.AccountServiceTests.CallingLogin_WithExceptionSystemLoginCommand_ThrowsArgumentException" storage="/users/tmillett/aydensoft/upwork-cmh/msrfsr/answer3.0/msr.infrastructure.tests/bin/debug/netcoreapp3.1/msr.infrastructure.tests.dll" id="51a98665-7403-6504-2439-5e5f0e57d8a5">
      <Execution id="517325b0-3f8c-424c-a6d5-097ad3e86aed" />
      <TestMethod codeBase="/Users/tmillett/aydensoft/upwork-CMH/msrfsr/Answer3.0/MSR.Infrastructure.Tests/bin/Debug/netcoreapp3.1/MSR.Infrastructure.Tests.dll" adapterTypeName="executor://xunit/VsTestRunner2/netcoreapp" className="MSR.Infrastructure.Tests.Resources.Services.AccountServiceTests" name="CallingLogin_WithExceptionSystemLoginCommand_ThrowsArgumentException" />
    </UnitTest>
  </TestDefinitions>
  <TestEntries>
    <TestEntry testId="884537c5-2c29-8c67-bfb7-76682d141925" executionId="5e995bbe-7697-42ad-b658-cea4efd08887" testListId="8c84fa94-04c1-424b-9868-57a2d4851a1d" />
    <TestEntry testId="250657ca-8a3b-b40b-4c99-c072df0172d3" executionId="d6d274be-e5bd-420a-b05c-ada0b016f1b6" testListId="8c84fa94-04c1-424b-9868-57a2d4851a1d" />
    <TestEntry testId="eba60f4d-69ea-a0bd-bd72-1682f77d93c3" executionId="c3054c28-97dd-47f2-ae1a-0682c5b1df94" testListId="8c84fa94-04c1-424b-9868-57a2d4851a1d" />
    <TestEntry testId="51a98665-7403-6504-2439-5e5f0e57d8a5" executionId="517325b0-3f8c-424c-a6d5-097ad3e86aed" testListId="8c84fa94-04c1-424b-9868-57a2d4851a1d" />
    <TestEntry testId="3eddbdee-e61a-e34a-0c3e-8a42bb5a1e19" executionId="284bf5da-1ee3-4b3d-982f-d400ac2d5727" testListId="8c84fa94-04c1-424b-9868-57a2d4851a1d" />
  </TestEntries>
  <TestLists>
    <TestList name="Results Not in a List" id="8c84fa94-04c1-424b-9868-57a2d4851a1d" />
    <TestList name="All Loaded Results" id="19431567-8539-422a-85d7-44ee4e166bda" />
  </TestLists>
  <ResultSummary outcome="Completed">
    <Counters total="5" executed="4" passed="4" failed="0" error="0" timeout="0" aborted="0" inconclusive="0" passedButRunAborted="0" notRunnable="0" notExecuted="0" disconnected="0" warning="0" completed="0" inProgress="0" pending="0" />
    <Output>
      <StdOut>[xUnit.net 00:00:00.00] xUnit.net VSTest Adapter v2.4.1 (64-bit .NET Core 3.1.5)
[xUnit.net 00:00:00.59]   Discovering: MSR.Infrastructure.Tests
[xUnit.net 00:00:00.62]   Discovered:  MSR.Infrastructure.Tests
[xUnit.net 00:00:00.62]   Starting:    MSR.Infrastructure.Tests
[xUnit.net 00:00:01.05]       Issues with FirstOrDefault
[xUnit.net 00:00:01.11]   Finished:    MSR.Infrastructure.Tests
Test 'MSR.Infrastructure.Tests.Resources.Services.RoleServiceTests.CallingCreateMenuRoleMapAsync_WithExistingData_ReturnsExistingId' was skipped in the test run.
</StdOut>
    </Output>
    <RunInfos>
      <RunInfo computerName="MacBook-Pro" outcome="Warning" timestamp="2020-07-05T22:33:01.7056110-04:00">
        <Text>[xUnit.net 00:00:01.05]     MSR.Infrastructure.Tests.Resources.Services.RoleServiceTests.CallingCreateMenuRoleMapAsync_WithExistingData_ReturnsExistingId [SKIP]</Text>
      </RunInfo>
    </RunInfos>
    <CollectorDataEntries>
      <Collector agentName="MacBook-Pro" uri="datacollector://microsoft/CoverletCodeCoverage/1.0" collectorDisplayName="XPlat code coverage">
        <UriAttachments>
          <UriAttachment>
            <A href="MacBook-Pro/coverage.cobertura.xml"></A>
          </UriAttachment>
        </UriAttachments>
      </Collector>
    </CollectorDataEntries>
  </ResultSummary>
</TestRun>