<?xml version="1.0" encoding="utf-8"?>
<TestRun id="8aa7cacb-a895-49d8-ad1a-6b3d7a1e2665" name="@MacBook-Pro 2020-07-05 22:38:53" xmlns="http://microsoft.com/schemas/VisualStudio/TeamTest/2010">
  <Times creation="2020-07-05T22:38:53.5051340-04:00" queuing="2020-07-05T22:38:53.5051340-04:00" start="2020-07-05T22:38:51.7475720-04:00" finish="2020-07-05T22:38:53.5179980-04:00" />
  <TestSettings name="default" id="3b62b1ed-31b9-470c-8b3c-85466eb2493b">
    <Deployment runDeploymentRoot="_MacBook-Pro_2020-07-05_22_38_53" />
  </TestSettings>
  <Results>
    <UnitTestResult executionId="84868ffa-c7f1-4c3c-8ffc-4361f528a090" testId="eba60f4d-69ea-a0bd-bd72-1682f77d93c3" testName="MSR.Infrastructure.Tests.Resources.Services.AccountServiceTests.CallingLogin_WithFailureSystemLoginCommand_ThrowsDomainException" computerName="MacBook-Pro" duration="00:00:00.0013316" startTime="2020-07-05T22:38:53.3932900-04:00" endTime="2020-07-05T22:38:53.3932900-04:00" testType="13cdc9d9-ddb5-4fa4-a97d-d965ccfc6d4b" outcome="Passed" testListId="8c84fa94-04c1-424b-9868-57a2d4851a1d" relativeResultsDirectory="84868ffa-c7f1-4c3c-8ffc-4361f528a090" />
    <UnitTestResult executionId="60659f9b-3237-434f-9a80-67796d1fb605" testId="884537c5-2c29-8c67-bfb7-76682d141925" testName="MSR.Infrastructure.Tests.Resources.Services.AccountServiceTests.CallingLogin_WithSystemLoginCommand_HappyPath" computerName="MacBook-Pro" duration="00:00:00.2561486" startTime="2020-07-05T22:38:53.3856870-04:00" endTime="2020-07-05T22:38:53.3856880-04:00" testType="13cdc9d9-ddb5-4fa4-a97d-d965ccfc6d4b" outcome="Passed" testListId="8c84fa94-04c1-424b-9868-57a2d4851a1d" relativeResultsDirectory="60659f9b-3237-434f-9a80-67796d1fb605" />
    <UnitTestResult executionId="965c1912-9b2b-48d0-9e80-9a8728b62157" testId="250657ca-8a3b-b40b-4c99-c072df0172d3" testName="MSR.Infrastructure.Tests.Resources.Services.RoleServiceTests.CallingCreateMenuRoleMapAsync_WithGoodData_HappyPath" computerName="MacBook-Pro" duration="00:00:00.1898478" startTime="2020-07-05T22:38:53.3230670-04:00" endTime="2020-07-05T22:38:53.3231410-04:00" testType="13cdc9d9-ddb5-4fa4-a97d-d965ccfc6d4b" outcome="Passed" testListId="8c84fa94-04c1-424b-9868-57a2d4851a1d" relativeResultsDirectory="965c1912-9b2b-48d0-9e80-9a8728b62157" />
    <UnitTestResult executionId="c50940c5-cae6-414c-8259-c73d7f4a7ccb" testId="3eddbdee-e61a-e34a-0c3e-8a42bb5a1e19" testName="MSR.Infrastructure.Tests.Resources.Services.RoleServiceTests.CallingCreateMenuRoleMapAsync_WithExistingData_ReturnsExistingId" computerName="MacBook-Pro" duration="00:00:00.0010000" startTime="2020-07-05T22:38:53.3282780-04:00" endTime="2020-07-05T22:38:53.3282780-04:00" testType="13cdc9d9-ddb5-4fa4-a97d-d965ccfc6d4b" outcome="NotExecuted" testListId="8c84fa94-04c1-424b-9868-57a2d4851a1d" relativeResultsDirectory="c50940c5-cae6-414c-8259-c73d7f4a7ccb">
      <Output>
        <StdOut>Issues with FirstOrDefault</StdOut>
      </Output>
    </UnitTestResult>
    <UnitTestResult executionId="375151ef-18dc-4912-900c-56806f80574f" testId="51a98665-7403-6504-2439-5e5f0e57d8a5" testName="MSR.Infrastructure.Tests.Resources.Services.AccountServiceTests.CallingLogin_WithExceptionSystemLoginCommand_ThrowsArgumentException" computerName="MacBook-Pro" duration="00:00:00.0059647" startTime="2020-07-05T22:38:53.3918670-04:00" endTime="2020-07-05T22:38:53.3918680-04:00" testType="13cdc9d9-ddb5-4fa4-a97d-d965ccfc6d4b" outcome="Passed" testListId="8c84fa94-04c1-424b-9868-57a2d4851a1d" relativeResultsDirectory="375151ef-18dc-4912-900c-56806f80574f" />
  </Results>
  <TestDefinitions>
    <UnitTest name="MSR.Infrastructure.Tests.Resources.Services.RoleServiceTests.CallingCreateMenuRoleMapAsync_WithGoodData_HappyPath" storage="/users/tmillett/aydensoft/upwork-cmh/msrfsr/answer3.0/msr.infrastructure.tests/bin/debug/netcoreapp3.1/msr.infrastructure.tests.dll" id="250657ca-8a3b-b40b-4c99-c072df0172d3">
      <Execution id="965c1912-9b2b-48d0-9e80-9a8728b62157" />
      <TestMethod codeBase="/Users/tmillett/aydensoft/upwork-CMH/msrfsr/Answer3.0/MSR.Infrastructure.Tests/bin/Debug/netcoreapp3.1/MSR.Infrastructure.Tests.dll" adapterTypeName="executor://xunit/VsTestRunner2/netcoreapp" className="MSR.Infrastructure.Tests.Resources.Services.RoleServiceTests" name="CallingCreateMenuRoleMapAsync_WithGoodData_HappyPath" />
    </UnitTest>
    <UnitTest name="MSR.Infrastructure.Tests.Resources.Services.AccountServiceTests.CallingLogin_WithFailureSystemLoginCommand_ThrowsDomainException" storage="/users/tmillett/aydensoft/upwork-cmh/msrfsr/answer3.0/msr.infrastructure.tests/bin/debug/netcoreapp3.1/msr.infrastructure.tests.dll" id="eba60f4d-69ea-a0bd-bd72-1682f77d93c3">
      <Execution id="84868ffa-c7f1-4c3c-8ffc-4361f528a090" />
      <TestMethod codeBase="/Users/tmillett/aydensoft/upwork-CMH/msrfsr/Answer3.0/MSR.Infrastructure.Tests/bin/Debug/netcoreapp3.1/MSR.Infrastructure.Tests.dll" adapterTypeName="executor://xunit/VsTestRunner2/netcoreapp" className="MSR.Infrastructure.Tests.Resources.Services.AccountServiceTests" name="CallingLogin_WithFailureSystemLoginCommand_ThrowsDomainException" />
    </UnitTest>
    <UnitTest name="MSR.Infrastructure.Tests.Resources.Services.AccountServiceTests.CallingLogin_WithSystemLoginCommand_HappyPath" storage="/users/tmillett/aydensoft/upwork-cmh/msrfsr/answer3.0/msr.infrastructure.tests/bin/debug/netcoreapp3.1/msr.infrastructure.tests.dll" id="884537c5-2c29-8c67-bfb7-76682d141925">
      <Execution id="60659f9b-3237-434f-9a80-67796d1fb605" />
      <TestMethod codeBase="/Users/tmillett/aydensoft/upwork-CMH/msrfsr/Answer3.0/MSR.Infrastructure.Tests/bin/Debug/netcoreapp3.1/MSR.Infrastructure.Tests.dll" adapterTypeName="executor://xunit/VsTestRunner2/netcoreapp" className="MSR.Infrastructure.Tests.Resources.Services.AccountServiceTests" name="CallingLogin_WithSystemLoginCommand_HappyPath" />
    </UnitTest>
    <UnitTest name="MSR.Infrastructure.Tests.Resources.Services.RoleServiceTests.CallingCreateMenuRoleMapAsync_WithExistingData_ReturnsExistingId" storage="/users/tmillett/aydensoft/upwork-cmh/msrfsr/answer3.0/msr.infrastructure.tests/bin/debug/netcoreapp3.1/msr.infrastructure.tests.dll" id="3eddbdee-e61a-e34a-0c3e-8a42bb5a1e19">
      <Execution id="c50940c5-cae6-414c-8259-c73d7f4a7ccb" />
      <TestMethod codeBase="/Users/tmillett/aydensoft/upwork-CMH/msrfsr/Answer3.0/MSR.Infrastructure.Tests/bin/Debug/netcoreapp3.1/MSR.Infrastructure.Tests.dll" adapterTypeName="executor://xunit/VsTestRunner2/netcoreapp" className="MSR.Infrastructure.Tests.Resources.Services.RoleServiceTests" name="CallingCreateMenuRoleMapAsync_WithExistingData_ReturnsExistingId" />
    </UnitTest>
    <UnitTest name="MSR.Infrastructure.Tests.Resources.Services.AccountServiceTests.CallingLogin_WithExceptionSystemLoginCommand_ThrowsArgumentException" storage="/users/tmillett/aydensoft/upwork-cmh/msrfsr/answer3.0/msr.infrastructure.tests/bin/debug/netcoreapp3.1/msr.infrastructure.tests.dll" id="51a98665-7403-6504-2439-5e5f0e57d8a5">
      <Execution id="375151ef-18dc-4912-900c-56806f80574f" />
      <TestMethod codeBase="/Users/tmillett/aydensoft/upwork-CMH/msrfsr/Answer3.0/MSR.Infrastructure.Tests/bin/Debug/netcoreapp3.1/MSR.Infrastructure.Tests.dll" adapterTypeName="executor://xunit/VsTestRunner2/netcoreapp" className="MSR.Infrastructure.Tests.Resources.Services.AccountServiceTests" name="CallingLogin_WithExceptionSystemLoginCommand_ThrowsArgumentException" />
    </UnitTest>
  </TestDefinitions>
  <TestEntries>
    <TestEntry testId="eba60f4d-69ea-a0bd-bd72-1682f77d93c3" executionId="84868ffa-c7f1-4c3c-8ffc-4361f528a090" testListId="8c84fa94-04c1-424b-9868-57a2d4851a1d" />
    <TestEntry testId="884537c5-2c29-8c67-bfb7-76682d141925" executionId="60659f9b-3237-434f-9a80-67796d1fb605" testListId="8c84fa94-04c1-424b-9868-57a2d4851a1d" />
    <TestEntry testId="250657ca-8a3b-b40b-4c99-c072df0172d3" executionId="965c1912-9b2b-48d0-9e80-9a8728b62157" testListId="8c84fa94-04c1-424b-9868-57a2d4851a1d" />
    <TestEntry testId="3eddbdee-e61a-e34a-0c3e-8a42bb5a1e19" executionId="c50940c5-cae6-414c-8259-c73d7f4a7ccb" testListId="8c84fa94-04c1-424b-9868-57a2d4851a1d" />
    <TestEntry testId="51a98665-7403-6504-2439-5e5f0e57d8a5" executionId="375151ef-18dc-4912-900c-56806f80574f" testListId="8c84fa94-04c1-424b-9868-57a2d4851a1d" />
  </TestEntries>
  <TestLists>
    <TestList name="Results Not in a List" id="8c84fa94-04c1-424b-9868-57a2d4851a1d" />
    <TestList name="All Loaded Results" id="19431567-8539-422a-85d7-44ee4e166bda" />
  </TestLists>
  <ResultSummary outcome="Completed">
    <Counters total="5" executed="4" passed="4" failed="0" error="0" timeout="0" aborted="0" inconclusive="0" passedButRunAborted="0" notRunnable="0" notExecuted="0" disconnected="0" warning="0" completed="0" inProgress="0" pending="0" />
    <Output>
      <StdOut>[xUnit.net 00:00:00.00] xUnit.net VSTest Adapter v2.4.1 (64-bit .NET Core 3.1.5)
[xUnit.net 00:00:00.61]   Discovering: MSR.Infrastructure.Tests
[xUnit.net 00:00:00.64]   Discovered:  MSR.Infrastructure.Tests
[xUnit.net 00:00:00.64]   Starting:    MSR.Infrastructure.Tests
[xUnit.net 00:00:01.07]       Issues with FirstOrDefault
[xUnit.net 00:00:01.13]   Finished:    MSR.Infrastructure.Tests
Test 'MSR.Infrastructure.Tests.Resources.Services.RoleServiceTests.CallingCreateMenuRoleMapAsync_WithExistingData_ReturnsExistingId' was skipped in the test run.
</StdOut>
    </Output>
    <RunInfos>
      <RunInfo computerName="MacBook-Pro" outcome="Warning" timestamp="2020-07-05T22:38:53.3288570-04:00">
        <Text>[xUnit.net 00:00:01.07]     MSR.Infrastructure.Tests.Resources.Services.RoleServiceTests.CallingCreateMenuRoleMapAsync_WithExistingData_ReturnsExistingId [SKIP]</Text>
      </RunInfo>
    </RunInfos>
  </ResultSummary>
</TestRun>