<?xml version="1.0" encoding="utf-8"?>
<TestRun id="562dab35-b4fc-4b1d-8359-e8362df4c60e" name="@MacBook-Pro 2020-07-05 22:28:57" xmlns="http://microsoft.com/schemas/VisualStudio/TeamTest/2010">
  <Times creation="2020-07-05T22:28:57.4923470-04:00" queuing="2020-07-05T22:28:57.4923470-04:00" start="2020-07-05T22:28:55.7122740-04:00" finish="2020-07-05T22:28:57.5039190-04:00" />
  <TestSettings name="default" id="41866420-1ba7-4599-805a-063bd5906afb">
    <Deployment runDeploymentRoot="_MacBook-Pro_2020-07-05_22_28_57" />
  </TestSettings>
  <Results>
    <UnitTestResult executionId="fd6cc580-9fc8-4b1f-9135-49403d62b48d" testId="250657ca-8a3b-b40b-4c99-c072df0172d3" testName="MSR.Infrastructure.Tests.Resources.Services.RoleServiceTests.CallingCreateMenuRoleMapAsync_WithGoodData_HappyPath" computerName="MacBook-Pro" duration="00:00:00.1838986" startTime="2020-07-05T22:28:57.3187020-04:00" endTime="2020-07-05T22:28:57.3187580-04:00" testType="13cdc9d9-ddb5-4fa4-a97d-d965ccfc6d4b" outcome="Passed" testListId="8c84fa94-04c1-424b-9868-57a2d4851a1d" relativeResultsDirectory="fd6cc580-9fc8-4b1f-9135-49403d62b48d" />
    <UnitTestResult executionId="5b3ecec3-c5c4-4af5-af98-f7bd2973abd2" testId="51a98665-7403-6504-2439-5e5f0e57d8a5" testName="MSR.Infrastructure.Tests.Resources.Services.AccountServiceTests.CallingLogin_WithExceptionSystemLoginCommand_ThrowsArgumentException" computerName="MacBook-Pro" duration="00:00:00.0052053" startTime="2020-07-05T22:28:57.3933890-04:00" endTime="2020-07-05T22:28:57.3933900-04:00" testType="13cdc9d9-ddb5-4fa4-a97d-d965ccfc6d4b" outcome="Passed" testListId="8c84fa94-04c1-424b-9868-57a2d4851a1d" relativeResultsDirectory="5b3ecec3-c5c4-4af5-af98-f7bd2973abd2" />
    <UnitTestResult executionId="3c9ef89d-47b9-490c-95dc-7913140efacb" testId="eba60f4d-69ea-a0bd-bd72-1682f77d93c3" testName="MSR.Infrastructure.Tests.Resources.Services.AccountServiceTests.CallingLogin_WithFailureSystemLoginCommand_ThrowsDomainException" computerName="MacBook-Pro" duration="00:00:00.0011290" startTime="2020-07-05T22:28:57.3945590-04:00" endTime="2020-07-05T22:28:57.3945600-04:00" testType="13cdc9d9-ddb5-4fa4-a97d-d965ccfc6d4b" outcome="Passed" testListId="8c84fa94-04c1-424b-9868-57a2d4851a1d" relativeResultsDirectory="3c9ef89d-47b9-490c-95dc-7913140efacb" />
    <UnitTestResult executionId="a1ed56ec-120a-469d-8044-84b68618c28a" testId="884537c5-2c29-8c67-bfb7-76682d141925" testName="MSR.Infrastructure.Tests.Resources.Services.AccountServiceTests.CallingLogin_WithSystemLoginCommand_HappyPath" computerName="MacBook-Pro" duration="00:00:00.2566096" startTime="2020-07-05T22:28:57.3881590-04:00" endTime="2020-07-05T22:28:57.3881600-04:00" testType="13cdc9d9-ddb5-4fa4-a97d-d965ccfc6d4b" outcome="Passed" testListId="8c84fa94-04c1-424b-9868-57a2d4851a1d" relativeResultsDirectory="a1ed56ec-120a-469d-8044-84b68618c28a" />
    <UnitTestResult executionId="d0041a04-c502-40d8-9c74-fe884f09e850" testId="3eddbdee-e61a-e34a-0c3e-8a42bb5a1e19" testName="MSR.Infrastructure.Tests.Resources.Services.RoleServiceTests.CallingCreateMenuRoleMapAsync_WithExistingData_ReturnsExistingId" computerName="MacBook-Pro" duration="00:00:00.0010000" startTime="2020-07-05T22:28:57.3233570-04:00" endTime="2020-07-05T22:28:57.3233570-04:00" testType="13cdc9d9-ddb5-4fa4-a97d-d965ccfc6d4b" outcome="NotExecuted" testListId="8c84fa94-04c1-424b-9868-57a2d4851a1d" relativeResultsDirectory="d0041a04-c502-40d8-9c74-fe884f09e850">
      <Output>
        <StdOut>Issues with FirstOrDefault</StdOut>
      </Output>
    </UnitTestResult>
  </Results>
  <TestDefinitions>
    <UnitTest name="MSR.Infrastructure.Tests.Resources.Services.RoleServiceTests.CallingCreateMenuRoleMapAsync_WithGoodData_HappyPath" storage="/users/tmillett/aydensoft/upwork-cmh/msrfsr/answer3.0/msr.infrastructure.tests/bin/debug/netcoreapp3.1/msr.infrastructure.tests.dll" id="250657ca-8a3b-b40b-4c99-c072df0172d3">
      <Execution id="fd6cc580-9fc8-4b1f-9135-49403d62b48d" />
      <TestMethod codeBase="/Users/tmillett/aydensoft/upwork-CMH/msrfsr/Answer3.0/MSR.Infrastructure.Tests/bin/Debug/netcoreapp3.1/MSR.Infrastructure.Tests.dll" adapterTypeName="executor://xunit/VsTestRunner2/netcoreapp" className="MSR.Infrastructure.Tests.Resources.Services.RoleServiceTests" name="CallingCreateMenuRoleMapAsync_WithGoodData_HappyPath" />
    </UnitTest>
    <UnitTest name="MSR.Infrastructure.Tests.Resources.Services.AccountServiceTests.CallingLogin_WithFailureSystemLoginCommand_ThrowsDomainException" storage="/users/tmillett/aydensoft/upwork-cmh/msrfsr/answer3.0/msr.infrastructure.tests/bin/debug/netcoreapp3.1/msr.infrastructure.tests.dll" id="eba60f4d-69ea-a0bd-bd72-1682f77d93c3">
      <Execution id="3c9ef89d-47b9-490c-95dc-7913140efacb" />
      <TestMethod codeBase="/Users/tmillett/aydensoft/upwork-CMH/msrfsr/Answer3.0/MSR.Infrastructure.Tests/bin/Debug/netcoreapp3.1/MSR.Infrastructure.Tests.dll" adapterTypeName="executor://xunit/VsTestRunner2/netcoreapp" className="MSR.Infrastructure.Tests.Resources.Services.AccountServiceTests" name="CallingLogin_WithFailureSystemLoginCommand_ThrowsDomainException" />
    </UnitTest>
    <UnitTest name="MSR.Infrastructure.Tests.Resources.Services.AccountServiceTests.CallingLogin_WithSystemLoginCommand_HappyPath" storage="/users/tmillett/aydensoft/upwork-cmh/msrfsr/answer3.0/msr.infrastructure.tests/bin/debug/netcoreapp3.1/msr.infrastructure.tests.dll" id="884537c5-2c29-8c67-bfb7-76682d141925">
      <Execution id="a1ed56ec-120a-469d-8044-84b68618c28a" />
      <TestMethod codeBase="/Users/tmillett/aydensoft/upwork-CMH/msrfsr/Answer3.0/MSR.Infrastructure.Tests/bin/Debug/netcoreapp3.1/MSR.Infrastructure.Tests.dll" adapterTypeName="executor://xunit/VsTestRunner2/netcoreapp" className="MSR.Infrastructure.Tests.Resources.Services.AccountServiceTests" name="CallingLogin_WithSystemLoginCommand_HappyPath" />
    </UnitTest>
    <UnitTest name="MSR.Infrastructure.Tests.Resources.Services.RoleServiceTests.CallingCreateMenuRoleMapAsync_WithExistingData_ReturnsExistingId" storage="/users/tmillett/aydensoft/upwork-cmh/msrfsr/answer3.0/msr.infrastructure.tests/bin/debug/netcoreapp3.1/msr.infrastructure.tests.dll" id="3eddbdee-e61a-e34a-0c3e-8a42bb5a1e19">
      <Execution id="d0041a04-c502-40d8-9c74-fe884f09e850" />
      <TestMethod codeBase="/Users/tmillett/aydensoft/upwork-CMH/msrfsr/Answer3.0/MSR.Infrastructure.Tests/bin/Debug/netcoreapp3.1/MSR.Infrastructure.Tests.dll" adapterTypeName="executor://xunit/VsTestRunner2/netcoreapp" className="MSR.Infrastructure.Tests.Resources.Services.RoleServiceTests" name="CallingCreateMenuRoleMapAsync_WithExistingData_ReturnsExistingId" />
    </UnitTest>
    <UnitTest name="MSR.Infrastructure.Tests.Resources.Services.AccountServiceTests.CallingLogin_WithExceptionSystemLoginCommand_ThrowsArgumentException" storage="/users/tmillett/aydensoft/upwork-cmh/msrfsr/answer3.0/msr.infrastructure.tests/bin/debug/netcoreapp3.1/msr.infrastructure.tests.dll" id="51a98665-7403-6504-2439-5e5f0e57d8a5">
      <Execution id="5b3ecec3-c5c4-4af5-af98-f7bd2973abd2" />
      <TestMethod codeBase="/Users/tmillett/aydensoft/upwork-CMH/msrfsr/Answer3.0/MSR.Infrastructure.Tests/bin/Debug/netcoreapp3.1/MSR.Infrastructure.Tests.dll" adapterTypeName="executor://xunit/VsTestRunner2/netcoreapp" className="MSR.Infrastructure.Tests.Resources.Services.AccountServiceTests" name="CallingLogin_WithExceptionSystemLoginCommand_ThrowsArgumentException" />
    </UnitTest>
  </TestDefinitions>
  <TestEntries>
    <TestEntry testId="250657ca-8a3b-b40b-4c99-c072df0172d3" executionId="fd6cc580-9fc8-4b1f-9135-49403d62b48d" testListId="8c84fa94-04c1-424b-9868-57a2d4851a1d" />
    <TestEntry testId="51a98665-7403-6504-2439-5e5f0e57d8a5" executionId="5b3ecec3-c5c4-4af5-af98-f7bd2973abd2" testListId="8c84fa94-04c1-424b-9868-57a2d4851a1d" />
    <TestEntry testId="eba60f4d-69ea-a0bd-bd72-1682f77d93c3" executionId="3c9ef89d-47b9-490c-95dc-7913140efacb" testListId="8c84fa94-04c1-424b-9868-57a2d4851a1d" />
    <TestEntry testId="884537c5-2c29-8c67-bfb7-76682d141925" executionId="a1ed56ec-120a-469d-8044-84b68618c28a" testListId="8c84fa94-04c1-424b-9868-57a2d4851a1d" />
    <TestEntry testId="3eddbdee-e61a-e34a-0c3e-8a42bb5a1e19" executionId="d0041a04-c502-40d8-9c74-fe884f09e850" testListId="8c84fa94-04c1-424b-9868-57a2d4851a1d" />
  </TestEntries>
  <TestLists>
    <TestList name="Results Not in a List" id="8c84fa94-04c1-424b-9868-57a2d4851a1d" />
    <TestList name="All Loaded Results" id="19431567-8539-422a-85d7-44ee4e166bda" />
  </TestLists>
  <ResultSummary outcome="Completed">
    <Counters total="5" executed="4" passed="4" failed="0" error="0" timeout="0" aborted="0" inconclusive="0" passedButRunAborted="0" notRunnable="0" notExecuted="0" disconnected="0" warning="0" completed="0" inProgress="0" pending="0" />
    <Output>
      <StdOut>[xUnit.net 00:00:00.00] xUnit.net VSTest Adapter v2.4.1 (64-bit .NET Core 3.1.5)
[xUnit.net 00:00:00.69]   Discovering: MSR.Infrastructure.Tests
[xUnit.net 00:00:00.72]   Discovered:  MSR.Infrastructure.Tests
[xUnit.net 00:00:00.72]   Starting:    MSR.Infrastructure.Tests
[xUnit.net 00:00:01.13]       Issues with FirstOrDefault
[xUnit.net 00:00:01.20]   Finished:    MSR.Infrastructure.Tests
Test 'MSR.Infrastructure.Tests.Resources.Services.RoleServiceTests.CallingCreateMenuRoleMapAsync_WithExistingData_ReturnsExistingId' was skipped in the test run.
</StdOut>
    </Output>
    <RunInfos>
      <RunInfo computerName="MacBook-Pro" outcome="Warning" timestamp="2020-07-05T22:28:57.3246070-04:00">
        <Text>[xUnit.net 00:00:01.13]     MSR.Infrastructure.Tests.Resources.Services.RoleServiceTests.CallingCreateMenuRoleMapAsync_WithExistingData_ReturnsExistingId [SKIP]</Text>
      </RunInfo>
    </RunInfos>
  </ResultSummary>
</TestRun>